File_Id.diz
Rar.exe
Uninstall.lst
ReadMe.txt
Register.txt
License.txt
Os2.SFX
Descript.ion
WhatsNew.txt
RarFiles.lst
Rcvt.txt
Rar_Site.txt
Register.frm
WinRAR.hlp
TechNote.txt
UnrarSrc.txt
Rcvt.cfg
Dos.SFX
Rar.txt
RarExt.dll
Rcvt.exe
UnRAR.exe
Default.SFX
Zip.SFX
WinRAR.cnt
WinCon.SFX
WinRAR.exe
Uninstall.exe
Formats\arj.fmt
Formats\cab.fmt
Formats\lzh.fmt
Formats\ace.fmt
Formats\tar.fmt
Formats\gz.fmt
Formats\uue.fmt
Formats
winrar.gid
winrar.fts
rarlng.dll
rarnew.dat
zipnew.dat
